<?xml version="1.0" encoding="UTF-8"?>
<!-- Generated by org.testng.reporters.JUnitXMLReporter -->
<testsuite ignored="0" hostname="BKLAP117" failures="0" tests="4" name="Surefire test" time="9.444" errors="0" timestamp="2022-08-20T22:31:54 IST">
  <testcase classname="Maven_Package.FourTest" name="testFour" time="0.004"/>
  <testcase classname="Maven_Package.OneTest" name="mOne" time="9.25"/>
  <testcase classname="Maven_Package.ThreeTest" name="testThree" time="0.0"/>
  <testcase classname="Maven_Package.TwoTest" name="testTwo" time="0.001"/>
</testsuite> <!-- Surefire test -->
