<?xml version="1.0" encoding="UTF-8"?>
<testng-results ignored="0" total="2" passed="2" failed="0" skipped="0">
  <reporter-output>
  </reporter-output>
  <suite started-at="2022-08-20T22:38:17 IST" name="Suite" finished-at="2022-08-20T22:38:17 IST" duration-ms="40">
    <groups>
    </groups>
    <test started-at="2022-08-20T22:38:17 IST" name="Test" finished-at="2022-08-20T22:38:17 IST" duration-ms="40">
      <class name="Maven_Package.TwoTest">
        <test-method signature="testTwo()[pri:0, instance:Maven_Package.TwoTest@5aebe890]" started-at="2022-08-20T22:38:17 IST" name="testTwo" finished-at="2022-08-20T22:38:17 IST" duration-ms="4" status="PASS">
          <reporter-output>
          </reporter-output>
        </test-method> <!-- testTwo -->
      </class> <!-- Maven_Package.TwoTest -->
      <class name="Maven_Package.FourTest">
        <test-method signature="testFour()[pri:0, instance:Maven_Package.FourTest@65d09a04]" started-at="2022-08-20T22:38:17 IST" name="testFour" finished-at="2022-08-20T22:38:17 IST" duration-ms="0" status="PASS">
          <reporter-output>
          </reporter-output>
        </test-method> <!-- testFour -->
      </class> <!-- Maven_Package.FourTest -->
    </test> <!-- Test -->
  </suite> <!-- Suite -->
</testng-results>
