<?xml version="1.0" encoding="UTF-8"?>
<testng-results ignored="0" total="1" passed="1" failed="0" skipped="0">
  <reporter-output>
  </reporter-output>
  <suite started-at="2022-08-20T22:21:27 IST" name="Default suite" finished-at="2022-08-20T22:21:36 IST" duration-ms="9687">
    <groups>
    </groups>
    <test started-at="2022-08-20T22:21:27 IST" name="Default test" finished-at="2022-08-20T22:21:36 IST" duration-ms="9687">
      <class name="Maven_Package.OneTest">
        <test-method signature="mOne()[pri:0, instance:Maven_Package.OneTest@4a668b6e]" started-at="2022-08-20T22:21:27 IST" name="mOne" finished-at="2022-08-20T22:21:36 IST" duration-ms="9514" status="PASS">
          <reporter-output>
          </reporter-output>
        </test-method> <!-- mOne -->
        <test-method is-config="true" signature="closure()[pri:0, instance:Maven_Package.OneTest@4a668b6e]" started-at="2022-08-20T22:21:36 IST" name="closure" finished-at="2022-08-20T22:21:36 IST" duration-ms="133" status="PASS">
          <reporter-output>
          </reporter-output>
        </test-method> <!-- closure -->
      </class> <!-- Maven_Package.OneTest -->
    </test> <!-- Default test -->
  </suite> <!-- Default suite -->
</testng-results>
